<?xml version="1.0" encoding="UTF-8"?>
<!-- Generated by org.testng.reporters.JUnitReportReporter -->
<testsuite hostname="RajeshVNs-MacBook-Air.local" failures="0" tests="1" name="com.sdet.OpenHRM" time="25.636" errors="0" timestamp="2024-03-24T13:39:39 IST" skipped="0">
  <testcase classname="com.sdet.OpenHRM" name="Open_HRM_Login" time="25.636"/>
</testsuite> <!-- com.sdet.OpenHRM -->
