<?xml version="1.0" encoding="UTF-8"?>
<!-- Generated by org.testng.reporters.JUnitReportReporter -->
<testsuite hostname="RajeshVNs-MacBook-Air.local" failures="0" tests="1" name="com.sdet.OpenHRM" time="19.146" errors="0" timestamp="2024-03-24T14:32:14 IST" skipped="0">
  <testcase classname="com.sdet.OpenHRM" name="Open_HRM_Login" time="19.146"/>
</testsuite> <!-- com.sdet.OpenHRM -->
