<?xml version="1.0" encoding="UTF-8"?>
<!-- Generated by org.testng.reporters.JUnitReportReporter -->
<testsuite hostname="RajeshVNs-MacBook-Air.local" failures="0" tests="2" name="com.sdet.LoginTest" time="0.030" errors="0" timestamp="2024-03-24T14:32:14 IST" skipped="1">
  <testcase classname="com.sdet.LoginTest" name="negative_testLogin" time="0.030"/>
  <testcase classname="com.sdet.LoginTest" name="positive_test_Login">
    <skipped/>
  </testcase> <!-- positive_test_Login -->
</testsuite> <!-- com.sdet.LoginTest -->
